<?xml version="1.0" encoding="UTF-8"?>
<!-- Generated by org.testng.reporters.JUnitReportReporter -->
<testsuite hostname="LTIN488120" failures="0" tests="4" name="TestCases.TC_04_Hotels_Section" time="5.915" errors="0" timestamp="2024-04-26T09:59:15 IST" skipped="0">
  <testcase classname="TestCases.TC_04_Hotels_Section" name="click_on_hotels_icon" time="2.051"/>
  <testcase classname="TestCases.TC_04_Hotels_Section" name="click_on_upto4rooms" time="0.144"/>
  <testcase classname="TestCases.TC_04_Hotels_Section" name="click_on_roomsandguests" time="0.248"/>
  <testcase classname="TestCases.TC_04_Hotels_Section" name="click_on_adultsdropdown_printallnumbers" time="3.472"/>
</testsuite> <!-- TestCases.TC_04_Hotels_Section -->
