<?xml version="1.0" encoding="UTF-8"?>
<!-- Generated by org.testng.reporters.JUnitReportReporter -->
<testsuite hostname="LTIN488120" failures="0" tests="7" name="TestCases.TC_03_SendingValidEmail" time="12.900" errors="0" timestamp="2024-04-26T09:58:17 IST" skipped="0">
  <testcase classname="TestCases.TC_03_SendingValidEmail" name="click_on_caboption" time="1.156"/>
  <testcase classname="TestCases.TC_03_SendingValidEmail" name="user_clicking_search" time="4.598"/>
  <testcase classname="TestCases.TC_03_SendingValidEmail" name="user_clicking_moredropdown" time="0.080"/>
  <testcase classname="TestCases.TC_03_SendingValidEmail" name="user_clicking_giftcardsoption" time="1.618"/>
  <testcase classname="TestCases.TC_03_SendingValidEmail" name="user_clicking_wedding_giftcard" time="0.826"/>
  <testcase classname="TestCases.TC_03_SendingValidEmail" name="user_gives_senders_data_with_valid_email" time="1.365"/>
  <testcase classname="TestCases.TC_03_SendingValidEmail" name="user_clicks_on_buynow" time="3.257"/>
</testsuite> <!-- TestCases.TC_03_SendingValidEmail -->
