<?xml version="1.0" encoding="UTF-8"?>
<!-- Generated by org.testng.reporters.JUnitReportReporter -->
<testsuite hostname="LTIN488120" failures="0" tests="10" name="TestCases.TC_01_LowestCabDetails" time="19.277" errors="0" timestamp="2024-04-26T09:58:17 IST" skipped="0">
  <testcase classname="TestCases.TC_01_LowestCabDetails" name="click_on_caboption" time="2.172"/>
  <testcase classname="TestCases.TC_01_LowestCabDetails" name="click_on_oneway_outstation" time="0.178"/>
  <testcase classname="TestCases.TC_01_LowestCabDetails" name="user_selecting_from" time="3.663"/>
  <testcase classname="TestCases.TC_01_LowestCabDetails" name="user_selecting_to" time="3.299"/>
  <testcase classname="TestCases.TC_01_LowestCabDetails" name="user_selecting_date" time="0.318"/>
  <testcase classname="TestCases.TC_01_LowestCabDetails" name="user_selecting_time" time="0.680"/>
  <testcase classname="TestCases.TC_01_LowestCabDetails" name="user_clicking_search" time="4.513"/>
  <testcase classname="TestCases.TC_01_LowestCabDetails" name="user_selecting_lowtohighprice" time="4.236"/>
  <testcase classname="TestCases.TC_01_LowestCabDetails" name="user_selecting_suv" time="0.148"/>
  <testcase classname="TestCases.TC_01_LowestCabDetails" name="lowest_cab_details" time="0.070"/>
</testsuite> <!-- TestCases.TC_01_LowestCabDetails -->
