<?xml version="1.0" encoding="UTF-8"?>
<!-- Generated by org.testng.reporters.JUnitReportReporter -->
<testsuite hostname="LTIN488120" failures="0" tests="8" name="TestCases.TC_02_SendingInvalidEmail" time="10.535" errors="0" timestamp="2024-04-26T09:58:17 IST" skipped="0">
  <testcase classname="TestCases.TC_02_SendingInvalidEmail" name="click_on_caboption" time="1.377"/>
  <testcase classname="TestCases.TC_02_SendingInvalidEmail" name="user_clicking_search" time="5.439"/>
  <testcase classname="TestCases.TC_02_SendingInvalidEmail" name="user_clicking_moredropdown" time="0.109"/>
  <testcase classname="TestCases.TC_02_SendingInvalidEmail" name="user_clicking_giftcardsoption" time="1.319"/>
  <testcase classname="TestCases.TC_02_SendingInvalidEmail" name="user_clicking_wedding_giftcard" time="0.822"/>
  <testcase classname="TestCases.TC_02_SendingInvalidEmail" name="user_gives_senders_data_with_invalid_email" time="1.287"/>
  <testcase classname="TestCases.TC_02_SendingInvalidEmail" name="user_clicks_on_buynow" time="0.126"/>
  <testcase classname="TestCases.TC_02_SendingInvalidEmail" name="capture_warning_msg" time="0.056"/>
</testsuite> <!-- TestCases.TC_02_SendingInvalidEmail -->
